<?xml version="1.0" encoding="utf-8"?><testsuites name="pytest tests"><testsuite name="pytest" errors="0" failures="0" skipped="0" tests="15" time="9.605" timestamp="2026-04-28T23:07:52.549304+00:00" hostname="agent-env-da0b1116-8d32-46ac-bc71-572f50265eff"><testcase classname="backend.tests.test_iteration4_security.TestSecurityStatus" name="test_status_initial" time="0.505" /><testcase classname="backend.tests.test_iteration4_security.TestSecurityStatus" name="test_status_requires_auth" time="0.112" /><testcase classname="backend.tests.test_iteration4_security.TestChangePassword" name="test_wrong_current_returns_401" time="0.614" /><testcase classname="backend.tests.test_iteration4_security.TestChangePassword" name="test_change_password_and_relogin" time="1.543" /><testcase classname="backend.tests.test_iteration4_security.TestTwoFactor" name="test_setup_returns_qr_secret_otpauth" time="0.424" /><testcase classname="backend.tests.test_iteration4_security.TestTwoFactor" name="test_verify_then_login_requires_code_then_disable" time="1.973" /><testcase classname="backend.tests.test_iteration4_security.TestTwoFactor" name="test_verify_wrong_code_401" time="0.486" /><testcase classname="backend.tests.test_iteration4_security.TestSessions" name="test_list_has_current_after_login" time="0.405" /><testcase classname="backend.tests.test_iteration4_security.TestSessions" name="test_delete_other_session" time="0.859" /><testcase classname="backend.tests.test_iteration4_security.TestSessions" name="test_delete_unknown_session_404" time="0.381" /><testcase classname="backend.tests.test_iteration4_security.TestSessions" name="test_revoke_current_clears_cookie" time="0.506" /><testcase classname="backend.tests.test_iteration4_security.TestBiometric" name="test_register_options_returns_pubkey_options" time="0.390" /><testcase classname="backend.tests.test_iteration4_security.TestBiometric" name="test_disable_resets" time="0.472" /><testcase classname="backend.tests.test_iteration4_security.TestRegressionSmoke" name="test_events_list_and_rewards_catalog" time="0.441" /><testcase classname="backend.tests.test_iteration4_security.TestRegressionSmoke" name="test_admin_login_and_stats" time="0.401" /></testsuite></testsuites>