<?xml version="1.0" encoding="utf-8"?><testsuites name="pytest tests"><testsuite name="pytest" errors="0" failures="0" skipped="0" tests="16" time="6.104" timestamp="2026-04-28T22:50:21.747084+00:00" hostname="agent-env-da0b1116-8d32-46ac-bc71-572f50265eff"><testcase classname="backend.tests.test_iteration3.TestRewardsCatalog" name="test_catalog_5_rewards" time="0.272" /><testcase classname="backend.tests.test_iteration3.TestRewardsCatalog" name="test_catalog_no_auth_required" time="0.115" /><testcase classname="backend.tests.test_iteration3.TestRewardsRedeem" name="test_my_rewards_requires_auth" time="0.153" /><testcase classname="backend.tests.test_iteration3.TestRewardsRedeem" name="test_my_rewards_member_returns_list" time="0.433" /><testcase classname="backend.tests.test_iteration3.TestRewardsRedeem" name="test_redeem_insufficient_points" time="0.448" /><testcase classname="backend.tests.test_iteration3.TestRewardsRedeem" name="test_redeem_invalid_reward_404" time="0.066" /><testcase classname="backend.tests.test_iteration3.TestRewardsRedeem" name="test_redeem_sufficient_points_deducts_and_returns_code" time="1.253" /><testcase classname="backend.tests.test_iteration3.TestRewardsRedeem" name="test_redeem_black_month_sets_is_black" time="0.957" /><testcase classname="backend.tests.test_iteration3.TestAttendance" name="test_attendance_requires_auth" time="0.109" /><testcase classname="backend.tests.test_iteration3.TestAttendance" name="test_attendance_get_default" time="0.064" /><testcase classname="backend.tests.test_iteration3.TestAttendance" name="test_attendance_toggle_and_points" time="0.645" /><testcase classname="backend.tests.test_iteration3.TestAttendance" name="test_attend_invalid_event_404" time="0.061" /><testcase classname="backend.tests.test_iteration3.TestSubmissionApprovalAwardsPoints" name="test_approve_user_submission_awards_200" time="0.761" /><testcase classname="backend.tests.test_iteration3.TestPhotoPurchasePoints" name="test_buy_photo_awards_20" time="0.549" /><testcase classname="backend.tests.test_iteration3.TestAdminRevenueMonthly" name="test_member_forbidden" time="0.091" /><testcase classname="backend.tests.test_iteration3.TestAdminRevenueMonthly" name="test_admin_returns_array" time="0.055" /></testsuite></testsuites>