<?xml version="1.0" encoding="utf-8"?><testsuites name="pytest tests"><testsuite name="pytest" errors="0" failures="0" skipped="0" tests="24" time="6.950" timestamp="2026-04-28T22:23:57.980334+00:00" hostname="agent-env-da0b1116-8d32-46ac-bc71-572f50265eff"><testcase classname="backend.tests.test_scout_api.TestHealth" name="test_root" time="0.267" /><testcase classname="backend.tests.test_scout_api.TestAuth" name="test_admin_login_role" time="0.388" /><testcase classname="backend.tests.test_scout_api.TestAuth" name="test_member_login_role" time="0.371" /><testcase classname="backend.tests.test_scout_api.TestAuth" name="test_login_bad_password" time="0.372" /><testcase classname="backend.tests.test_scout_api.TestAuth" name="test_me_no_auth" time="0.163" /><testcase classname="backend.tests.test_scout_api.TestAuth" name="test_register_and_logout" time="0.504" /><testcase classname="backend.tests.test_scout_api.TestAuth" name="test_google_session_missing" time="0.190" /><testcase classname="backend.tests.test_scout_api.TestEvents" name="test_list_only_approved" time="0.102" /><testcase classname="backend.tests.test_scout_api.TestEvents" name="test_event_dates_2026" time="0.105" /><testcase classname="backend.tests.test_scout_api.TestEvents" name="test_get_event_404" time="0.405" /><testcase classname="backend.tests.test_scout_api.TestSpotsRemoved" name="test_spots_endpoint_gone" time="0.166" /><testcase classname="backend.tests.test_scout_api.TestSubmission" name="test_submit_without_token_returns_402" time="0.405" /><testcase classname="backend.tests.test_scout_api.TestSubmission" name="test_submission_full_flow" time="0.342" /><testcase classname="backend.tests.test_scout_api.TestAdmin" name="test_stats_requires_admin" time="0.060" /><testcase classname="backend.tests.test_scout_api.TestAdmin" name="test_stats_admin_ok" time="0.388" /><testcase classname="backend.tests.test_scout_api.TestAdmin" name="test_admin_list_users" time="0.051" /><testcase classname="backend.tests.test_scout_api.TestAdmin" name="test_admin_event_lifecycle" time="0.761" /><testcase classname="backend.tests.test_scout_api.TestAdmin" name="test_admin_user_update_and_delete" time="0.671" /><testcase classname="backend.tests.test_scout_api.TestAdmin" name="test_admin_photo_create_delete" time="0.108" /><testcase classname="backend.tests.test_scout_api.TestFavorites" name="test_fav_flow" time="0.217" /><testcase classname="backend.tests.test_scout_api.TestFavorites" name="test_fav_invalid_event" time="0.054" /><testcase classname="backend.tests.test_scout_api.TestPhotos" name="test_event_photos_unpurchased" time="0.054" /><testcase classname="backend.tests.test_scout_api.TestPhotos" name="test_buy_photo_flow" time="0.602" /><testcase classname="backend.tests.test_scout_api.TestPartnerships" name="test_all" time="0.127" /></testsuite></testsuites>