<?xml version="1.0" encoding="utf-8"?><testsuites name="pytest tests"><testsuite name="pytest" errors="0" failures="1" skipped="0" tests="26" time="5.524" timestamp="2026-04-28T16:43:51.581694+00:00" hostname="agent-env-da0b1116-8d32-46ac-bc71-572f50265eff"><testcase classname="backend.tests.test_scout_api.TestHealth" name="test_root" time="0.234" /><testcase classname="backend.tests.test_scout_api.TestAuth" name="test_login_admin" time="0.282" /><testcase classname="backend.tests.test_scout_api.TestAuth" name="test_login_bad_password" time="0.290" /><testcase classname="backend.tests.test_scout_api.TestAuth" name="test_register_and_me_logout" time="0.699" /><testcase classname="backend.tests.test_scout_api.TestAuth" name="test_register_duplicate" time="0.073" /><testcase classname="backend.tests.test_scout_api.TestAuth" name="test_me_no_auth" time="0.106" /><testcase classname="backend.tests.test_scout_api.TestAuth" name="test_google_session_invalid" time="0.222" /><testcase classname="backend.tests.test_scout_api.TestAuth" name="test_google_session_missing" time="0.060"><failure message="assert 500 in (400, 401)&#10; +  where 500 = &lt;Response [500]&gt;.status_code">backend/tests/test_scout_api.py:93: in test_google_session_missing
    assert r.status_code in (400, 401)
E   assert 500 in (400, 401)
E    +  where 500 = &lt;Response [500]&gt;.status_code</failure></testcase><testcase classname="backend.tests.test_scout_api.TestSpots" name="test_list_all" time="0.059" /><testcase classname="backend.tests.test_scout_api.TestSpots" name="test_filter_region" time="0.052" /><testcase classname="backend.tests.test_scout_api.TestSpots" name="test_filter_price_type" time="0.055" /><testcase classname="backend.tests.test_scout_api.TestSpots" name="test_filter_category" time="0.058" /><testcase classname="backend.tests.test_scout_api.TestSpots" name="test_search_q" time="0.064" /><testcase classname="backend.tests.test_scout_api.TestEvents" name="test_list" time="0.066" /><testcase classname="backend.tests.test_scout_api.TestEvents" name="test_get_event" time="0.062" /><testcase classname="backend.tests.test_scout_api.TestEvents" name="test_get_event_404" time="0.064" /><testcase classname="backend.tests.test_scout_api.TestBookings" name="test_book_no_auth" time="0.146" /><testcase classname="backend.tests.test_scout_api.TestBookings" name="test_book_event" time="0.616" /><testcase classname="backend.tests.test_scout_api.TestBookings" name="test_book_event_404" time="0.384" /><testcase classname="backend.tests.test_scout_api.TestPartnerships" name="test_all" time="0.065" /><testcase classname="backend.tests.test_scout_api.TestPartnerships" name="test_open" time="0.056" /><testcase classname="backend.tests.test_scout_api.TestPartnerships" name="test_black" time="0.063" /><testcase classname="backend.tests.test_scout_api.TestSubscription" name="test_subscription_flow" time="0.670" /><testcase classname="backend.tests.test_scout_api.TestSubscription" name="test_checkout_no_auth" time="0.170" /><testcase classname="backend.tests.test_scout_api.TestNotifications" name="test_get_default_and_update" time="0.533" /><testcase classname="backend.tests.test_scout_api.TestNotifications" name="test_prefs_no_auth" time="0.131" /></testsuite></testsuites>